2025-07-03 15:01:21   [main] INFO  c.L.L.LibraryManagementApplication -  Starting LibraryManagementApplication v0.0.1-SNAPSHOT using Java 21.0.6 with PID 42678 (/Users/sandeep.s/Desktop/spring-boot/LibraryManagement/build/libs/app.jar started by sandeep.s in /Users/sandeep.s/Desktop/spring-boot/LibraryManagement/build/libs)
2025-07-03 15:01:21   [main] DEBUG c.L.L.LibraryManagementApplication -  Running with Spring Boot v3.5.0, Spring v6.2.7
2025-07-03 15:01:21   [main] INFO  c.L.L.LibraryManagementApplication -  No active profile set, falling back to 1 default profile: "default"
2025-07-03 15:01:22   [main] INFO  o.s.d.r.c.RepositoryConfigurationDelegate -  Bootstrapping Spring Data JPA repositories in DEFAULT mode.
2025-07-03 15:01:22   [main] INFO  o.s.d.r.c.RepositoryConfigurationDelegate -  Finished Spring Data repository scanning in 22 ms. Found 6 JPA repository interfaces.
2025-07-03 15:01:22   [main] INFO  o.s.b.w.e.tomcat.TomcatWebServer -  Tomcat initialized with port 8080 (http)
2025-07-03 15:01:22   [main] INFO  o.a.coyote.http11.Http11NioProtocol -  Initializing ProtocolHandler ["http-nio-8080"]
2025-07-03 15:01:22   [main] INFO  o.a.catalina.core.StandardService -  Starting service [Tomcat]
2025-07-03 15:01:22   [main] INFO  o.a.catalina.core.StandardEngine -  Starting Servlet engine: [Apache Tomcat/10.1.41]
2025-07-03 15:01:22   [main] INFO  o.a.c.c.C.[Tomcat].[localhost].[/] -  Initializing Spring embedded WebApplicationContext
2025-07-03 15:01:22   [main] INFO  o.s.b.w.s.c.ServletWebServerApplicationContext -  Root WebApplicationContext: initialization completed in 535 ms
2025-07-03 15:01:22   [main] DEBUG c.L.L.F.JwtAuthenticationFilter -  Filter 'jwtAuthenticationFilter' configured for use
2025-07-03 15:01:22   [main] DEBUG c.L.L.Filters.RequestLoggingFilter -  Filter 'requestLoggingFilter' configured for use
2025-07-03 15:01:22   [main] INFO  com.zaxxer.hikari.HikariDataSource -  MyPostgresHikariPool - Starting...
2025-07-03 15:01:22   [main] INFO  com.zaxxer.hikari.pool.HikariPool -  MyPostgresHikariPool - Added connection org.postgresql.jdbc.PgConnection@7f426ddd
2025-07-03 15:01:22   [main] INFO  com.zaxxer.hikari.HikariDataSource -  MyPostgresHikariPool - Start completed.
2025-07-03 15:01:27   [main] INFO  liquibase.database -  Set default schema name to public
2025-07-03 15:01:27   [main] INFO  liquibase.changelog -  Reading from public.databasechangelog
2025-07-03 15:01:27   [main] INFO  liquibase.ui -  Database is up to date, no changesets to execute
2025-07-03 15:01:27   [main] INFO  liquibase.changelog -  Reading from public.databasechangelog
2025-07-03 15:01:27   [main] INFO  liquibase.util -  UPDATE SUMMARY
2025-07-03 15:01:27   [main] INFO  liquibase.util -  Run:                          0
2025-07-03 15:01:27   [main] INFO  liquibase.util -  Previously run:              21
2025-07-03 15:01:27   [main] INFO  liquibase.util -  Filtered out:                 0
2025-07-03 15:01:27   [main] INFO  liquibase.util -  -------------------------------
2025-07-03 15:01:27   [main] INFO  liquibase.util -  Total change sets:           21
2025-07-03 15:01:27   [main] INFO  liquibase.util -  Update summary generated
2025-07-03 15:01:27   [main] INFO  liquibase.command -  Command execution complete
2025-07-03 15:01:29   [main] INFO  o.h.jpa.internal.util.LogHelper -  HHH000204: Processing PersistenceUnitInfo [name: default]
2025-07-03 15:01:29   [main] INFO  org.hibernate.Version -  HHH000412: Hibernate ORM core version 6.6.15.Final
2025-07-03 15:01:29   [main] INFO  o.h.c.i.RegionFactoryInitiator -  HHH000026: Second-level cache disabled
2025-07-03 15:01:29   [main] INFO  o.s.o.j.p.SpringPersistenceUnitInfo -  No LoadTimeWeaver setup: ignoring JPA class transformer
2025-07-03 15:01:29   [main] INFO  o.hibernate.orm.connections.pooling -  HHH10001005: Database info:
	Database JDBC URL [Connecting through datasource 'HikariDataSource (MyPostgresHikariPool)']
	Database driver: undefined/unknown
	Database version: 17.5
	Autocommit mode: undefined/unknown
	Isolation level: undefined/unknown
	Minimum pool size: undefined/unknown
	Maximum pool size: undefined/unknown
2025-07-03 15:01:29   [main] INFO  o.h.e.t.j.p.i.JtaPlatformInitiator -  HHH000489: No JTA platform available (set 'hibernate.transaction.jta.platform' to enable JTA platform integration)
2025-07-03 15:01:29   [main] INFO  o.s.o.j.LocalContainerEntityManagerFactoryBean -  Initialized JPA EntityManagerFactory for persistence unit 'default'
2025-07-03 15:01:29   [main] INFO  o.s.d.j.r.query.QueryEnhancerFactory -  Hibernate is in classpath; If applicable, HQL parser will be used.
2025-07-03 15:01:30   [main] WARN  o.s.b.a.o.j.JpaBaseConfiguration$JpaWebConfiguration -  spring.jpa.open-in-view is enabled by default. Therefore, database queries may be performed during view rendering. Explicitly configure spring.jpa.open-in-view to disable this warning
2025-07-03 15:01:30   [main] WARN  o.s.b.a.s.s.UserDetailsServiceAutoConfiguration -  

Using generated security password: 00c281d6-2a0b-4fa1-95ce-5b51cec6715c

This generated password is for development use only. Your security configuration must be updated before running your application in production.

2025-07-03 15:01:30   [main] INFO  o.s.s.c.a.a.c.InitializeUserDetailsBeanManagerConfigurer$InitializeUserDetailsManagerConfigurer -  Global AuthenticationManager configured with UserDetailsService bean with name inMemoryUserDetailsManager
2025-07-03 15:01:30   [main] INFO  o.a.coyote.http11.Http11NioProtocol -  Starting ProtocolHandler ["http-nio-8080"]
2025-07-03 15:01:30   [main] INFO  o.s.b.w.e.tomcat.TomcatWebServer -  Tomcat started on port 8080 (http) with context path '/'
2025-07-03 15:01:30   [main] INFO  c.L.L.LibraryManagementApplication -  Started LibraryManagementApplication in 8.892 seconds (process running for 9.173)
2025-07-03 15:01:30   [main] INFO  c.L.L.Service.DataInsert -  Inserting the superadmin in the database
2025-07-03 15:01:30   [main] INFO  c.L.L.Service.DataInsert -  Inserted the superadmin in the database
2025-07-03 15:01:48   [SpringApplicationShutdownHook] INFO  o.s.b.w.e.tomcat.GracefulShutdown -  Commencing graceful shutdown. Waiting for active requests to complete
2025-07-03 15:01:48   [tomcat-shutdown] INFO  o.s.b.w.e.tomcat.GracefulShutdown -  Graceful shutdown complete
2025-07-03 15:01:48   [SpringApplicationShutdownHook] INFO  o.s.o.j.LocalContainerEntityManagerFactoryBean -  Closing JPA EntityManagerFactory for persistence unit 'default'
2025-07-03 15:01:48   [SpringApplicationShutdownHook] INFO  com.zaxxer.hikari.HikariDataSource -  MyPostgresHikariPool - Shutdown initiated...
2025-07-03 15:01:48   [SpringApplicationShutdownHook] INFO  com.zaxxer.hikari.HikariDataSource -  MyPostgresHikariPool - Shutdown completed.
